-------------------------------------------------------------------------------
Test set: com.example.fileuploadservice.controller.FileUploadControllerTest
-------------------------------------------------------------------------------
Tests run: 6, Failures: 2, Errors: 0, Skipped: 0, Time elapsed: 5.707 s <<< FAILURE! -- in com.example.fileuploadservice.controller.FileUploadControllerTest
com.example.fileuploadservice.controller.FileUploadControllerTest.uploadFiles_NoOrderId_Failure -- Time elapsed: 0.090 s <<< FAILURE!
java.lang.AssertionError: 
Response content
Expected: a string containing "Order ID cannot be null or empty"
     but: was ""
	at org.hamcrest.MatcherAssert.assertThat(MatcherAssert.java:20)
	at org.springframework.test.web.servlet.result.ContentResultMatchers.lambda$string$3(ContentResultMatchers.java:141)
	at org.springframework.test.web.servlet.MockMvc$1.andExpect(MockMvc.java:214)
	at com.example.fileuploadservice.controller.FileUploadControllerTest.uploadFiles_NoOrderId_Failure(FileUploadControllerTest.java:106)
	at java.base/java.lang.reflect.Method.invoke(Method.java:580)
	at java.base/java.util.ArrayList.forEach(ArrayList.java:1596)
	at java.base/java.util.ArrayList.forEach(ArrayList.java:1596)

com.example.fileuploadservice.controller.FileUploadControllerTest.uploadFiles_NonPdfFile_Failure -- Time elapsed: 0.018 s <<< FAILURE!
java.lang.AssertionError: Status expected:<400> but was:<200>
	at org.springframework.test.util.AssertionErrors.fail(AssertionErrors.java:59)
	at org.springframework.test.util.AssertionErrors.assertEquals(AssertionErrors.java:122)
	at org.springframework.test.web.servlet.result.StatusResultMatchers.lambda$matcher$9(StatusResultMatchers.java:637)
	at org.springframework.test.web.servlet.MockMvc$1.andExpect(MockMvc.java:214)
	at com.example.fileuploadservice.controller.FileUploadControllerTest.uploadFiles_NonPdfFile_Failure(FileUploadControllerTest.java:96)
	at java.base/java.lang.reflect.Method.invoke(Method.java:580)
	at java.base/java.util.ArrayList.forEach(ArrayList.java:1596)
	at java.base/java.util.ArrayList.forEach(ArrayList.java:1596)

