-------------------------------------------------------------------------------
Test set: com.example.fileuploadservice.KarateTests
-------------------------------------------------------------------------------
Tests run: 1, Failures: 1, Errors: 0, Skipped: 0, Time elapsed: 2.771 s <<< FAILURE! -- in com.example.fileuploadservice.KarateTests
com.example.fileuploadservice.KarateTests.testAll -- Time elapsed: 2.755 s <<< FAILURE!
org.opentest4j.AssertionFailedError: no features or scenarios found: [classpath:com/example/fileuploadservice]
	at com.intuit.karate.junit5.Karate.iterator(Karate.java:72)
	at java.base/java.lang.Iterable.spliterator(Iterable.java:101)
	at java.base/java.util.ArrayList.forEach(ArrayList.java:1511)
	at java.base/java.util.ArrayList.forEach(ArrayList.java:1511)

